<?xml version="1.0" encoding="utf-8" standalone="no"?>
<!--This file represents the results of running a test suite-->
<test-results name="C:\dev\git\SqlServerStream\SqlServerStreamTests\bin\Debug\SqlServerStreamTests.dll" total="1" errors="0" failures="0" not-run="0" inconclusive="0" ignored="0" skipped="0" invalid="0" date="2012-02-09" time="17:37:05">
  <environment nunit-version="2.5.10.11092" clr-version="4.0.30319.239" os-version="Microsoft Windows NT 6.1.7601 Service Pack 1" platform="Win32NT" cwd="C:\dev\git\SqlServerStream\SqlServerStreamTests\bin\Debug" machine-name="MMILLER-DEV" user="Mark" user-domain="MMILLER-DEV" />
  <culture-info current-culture="en-US" current-uiculture="en-US" />
  <test-suite type="Assembly" name="C:\dev\git\SqlServerStream\SqlServerStreamTests\bin\Debug\SqlServerStreamTests.dll" executed="True" result="Success" success="True" time="1.704" asserts="0">
    <results>
      <test-suite type="Namespace" name="DevelopMENTALMadness" executed="True" result="Success" success="True" time="1.695" asserts="0">
        <results>
          <test-suite type="Namespace" name="Data" executed="True" result="Success" success="True" time="1.695" asserts="0">
            <results>
              <test-suite type="Namespace" name="Sql" executed="True" result="Success" success="True" time="1.695" asserts="0">
                <results>
                  <test-suite type="Namespace" name="Tests" executed="True" result="Success" success="True" time="1.694" asserts="0">
                    <results>
                      <test-suite type="TestFixture" name="SqlStreamTests" executed="True" result="Success" success="True" time="1.694" asserts="0">
                        <results>
                          <test-case name="DevelopMENTALMadness.Data.Sql.Tests.SqlStreamTests.Test1" executed="True" result="Success" success="True" time="1.677" asserts="1" />
                        </results>
                      </test-suite>
                    </results>
                  </test-suite>
                </results>
              </test-suite>
            </results>
          </test-suite>
        </results>
      </test-suite>
    </results>
  </test-suite>
</test-results>